<?xml version="1.0" encoding="UTF-8"?>
<testng-results skipped="0" failed="1" ignored="0" total="2" passed="1">
  <reporter-output>
  </reporter-output>
  <suite name="Suite" duration-ms="278034" started-at="2018-09-08T16:41:18Z" finished-at="2018-09-08T16:45:56Z">
    <groups>
    </groups>
    <test name="Test1" duration-ms="14160" started-at="2018-09-08T16:41:18Z" finished-at="2018-09-08T16:41:32Z">
      <class name="TestCases.LoginTest_User">
        <test-method status="PASS" signature="doLogin_User(java.util.Hashtable)[pri:0, instance:TestCases.LoginTest_User@69453e37]" name="doLogin_User" duration-ms="13313" started-at="2018-09-08T22:11:18Z" data-provider="dp" finished-at="2018-09-08T22:11:32Z">
          <params>
            <param index="0">
              <value>
                <![CDATA[{Password=123scorpio, runmode=Y, UserName=soumyansh@gmail.com}]]>
              </value>
            </param>
          </params>
          <reporter-output>
          </reporter-output>
        </test-method> <!-- doLogin_User -->
      </class> <!-- TestCases.LoginTest_User -->
    </test> <!-- Test1 -->
    <test name="Test2" duration-ms="263855" started-at="2018-09-08T16:41:32Z" finished-at="2018-09-08T16:45:56Z">
      <class name="TestCases.CreateAccountTest_User">
        <test-method status="PASS" signature="setup()[pri:0, instance:TestCases.CreateAccountTest_User@5b94b04d]" name="setup" is-config="true" duration-ms="49287" started-at="2018-09-08T22:10:29Z" finished-at="2018-09-08T22:11:18Z">
          <reporter-output>
          </reporter-output>
        </test-method> <!-- setup -->
        <test-method status="FAIL" signature="CreateAccountTest_User(java.util.Hashtable)[pri:0, instance:TestCases.CreateAccountTest_User@5b94b04d]" name="CreateAccountTest_User" duration-ms="263410" started-at="2018-09-08T22:11:32Z" data-provider="dp" finished-at="2018-09-08T22:15:56Z">
          <params>
            <param index="0">
              <value>
                <![CDATA[{MemberName=Soumya Gupta}]]>
              </value>
            </param>
          </params>
          <exception class="org.openqa.selenium.NoSuchElementException">
            <message>
              <![CDATA[no such element: Unable to locate element: {"method":"xpath","selector":"//*[@data-value='Accounts']"}  (Session info: chrome=68.0.3440.106)  (Driver info: chromedriver=2.40.565498 (ea082db3280dd6843ebfb08a625e3eb905c4f5ab),platform=Windows NT 10.0.17134 x86_64) (WARNING: The server did not provide any stacktrace information)Command duration or timeout: 20.04 secondsFor documentation on this error, please visit: http://seleniumhq.org/exceptions/no_such_element.htmlBuild info: version: '3.4.0', revision: 'unknown', time: 'unknown'System info: host: 'DESKTOP-9AS02US', ip: '192.168.43.14', os.name: 'Windows 10', os.arch: 'amd64', os.version: '10.0', java.version: '1.8.0_181'Driver info: org.openqa.selenium.chrome.ChromeDriverCapabilities [{applicationCacheEnabled=false, rotatable=false, mobileEmulationEnabled=false, networkConnectionEnabled=false, chrome={chromedriverVersion=2.40.565498 (ea082db3280dd6843ebfb08a625e3eb905c4f5ab), userDataDir=C:\Users\SOUMYA~1\AppData\Local\Temp\scoped_dir1672_25078}, takesHeapSnapshot=true, pageLoadStrategy=normal, databaseEnabled=false, handlesAlerts=true, hasTouchScreen=false, version=68.0.3440.106, platform=XP, browserConnectionEnabled=false, nativeEvents=true, acceptSslCerts=false, acceptInsecureCerts=false, locationContextEnabled=true, webStorageEnabled=true, browserName=chrome, takesScreenshot=true, javascriptEnabled=true, cssSelectorsEnabled=true, setWindowRect=true, unexpectedAlertBehaviour=}]Session ID: 6e723c51c292b6b5af44985a0658c31e*** Element info: {Using=xpath, value=//*[@data-value='Accounts']}]]>
            </message>
            <full-stacktrace>
              <![CDATA[org.openqa.selenium.NoSuchElementException: no such element: Unable to locate element: {"method":"xpath","selector":"//*[@data-value='Accounts']"}  (Session info: chrome=68.0.3440.106)  (Driver info: chromedriver=2.40.565498 (ea082db3280dd6843ebfb08a625e3eb905c4f5ab),platform=Windows NT 10.0.17134 x86_64) (WARNING: The server did not provide any stacktrace information)Command duration or timeout: 20.04 secondsFor documentation on this error, please visit: http://seleniumhq.org/exceptions/no_such_element.htmlBuild info: version: '3.4.0', revision: 'unknown', time: 'unknown'System info: host: 'DESKTOP-9AS02US', ip: '192.168.43.14', os.name: 'Windows 10', os.arch: 'amd64', os.version: '10.0', java.version: '1.8.0_181'Driver info: org.openqa.selenium.chrome.ChromeDriverCapabilities [{applicationCacheEnabled=false, rotatable=false, mobileEmulationEnabled=false, networkConnectionEnabled=false, chrome={chromedriverVersion=2.40.565498 (ea082db3280dd6843ebfb08a625e3eb905c4f5ab), userDataDir=C:\Users\SOUMYA~1\AppData\Local\Temp\scoped_dir1672_25078}, takesHeapSnapshot=true, pageLoadStrategy=normal, databaseEnabled=false, handlesAlerts=true, hasTouchScreen=false, version=68.0.3440.106, platform=XP, browserConnectionEnabled=false, nativeEvents=true, acceptSslCerts=false, acceptInsecureCerts=false, locationContextEnabled=true, webStorageEnabled=true, browserName=chrome, takesScreenshot=true, javascriptEnabled=true, cssSelectorsEnabled=true, setWindowRect=true, unexpectedAlertBehaviour=}]Session ID: 6e723c51c292b6b5af44985a0658c31e*** Element info: {Using=xpath, value=//*[@data-value='Accounts']}at sun.reflect.NativeConstructorAccessorImpl.newInstance0(Native Method)at sun.reflect.NativeConstructorAccessorImpl.newInstance(NativeConstructorAccessorImpl.java:62)at sun.reflect.DelegatingConstructorAccessorImpl.newInstance(DelegatingConstructorAccessorImpl.java:45)at java.lang.reflect.Constructor.newInstance(Constructor.java:423)at org.openqa.selenium.remote.ErrorHandler.createThrowable(ErrorHandler.java:215)at org.openqa.selenium.remote.ErrorHandler.throwIfResponseFailed(ErrorHandler.java:167)at org.openqa.selenium.remote.RemoteWebDriver.execute(RemoteWebDriver.java:671)at org.openqa.selenium.remote.RemoteWebDriver.findElement(RemoteWebDriver.java:410)at org.openqa.selenium.remote.RemoteWebDriver.findElementByXPath(RemoteWebDriver.java:509)at org.openqa.selenium.By$ByXPath.findElement(By.java:361)at org.openqa.selenium.remote.RemoteWebDriver.findElement(RemoteWebDriver.java:402)at Pages.TopMenu.Accounts(TopMenu.java:17)at Pages.AccountsPage.AccountCreation(AccountsPage.java:11)at TestCases.CreateAccountTest_User.CreateAccountTest_User(CreateAccountTest_User.java:21)at sun.reflect.NativeMethodAccessorImpl.invoke0(Native Method)at sun.reflect.NativeMethodAccessorImpl.invoke(NativeMethodAccessorImpl.java:62)at sun.reflect.DelegatingMethodAccessorImpl.invoke(DelegatingMethodAccessorImpl.java:43)at java.lang.reflect.Method.invoke(Method.java:498)at org.testng.internal.MethodInvocationHelper.invokeMethod(MethodInvocationHelper.java:124)at org.testng.internal.Invoker.invokeMethod(Invoker.java:571)at org.testng.internal.Invoker.invokeTestMethod(Invoker.java:707)at org.testng.internal.Invoker.invokeTestMethods(Invoker.java:979)at org.testng.internal.TestMethodWorker.invokeTestMethods(TestMethodWorker.java:125)at org.testng.internal.TestMethodWorker.run(TestMethodWorker.java:109)at org.testng.TestRunner.privateRun(TestRunner.java:648)at org.testng.TestRunner.run(TestRunner.java:505)at org.testng.SuiteRunner.runTest(SuiteRunner.java:455)at org.testng.SuiteRunner.runSequentially(SuiteRunner.java:450)at org.testng.SuiteRunner.privateRun(SuiteRunner.java:415)at org.testng.SuiteRunner.run(SuiteRunner.java:364)at org.testng.SuiteRunnerWorker.runSuite(SuiteRunnerWorker.java:52)at org.testng.SuiteRunnerWorker.run(SuiteRunnerWorker.java:84)at org.testng.TestNG.runSuitesSequentially(TestNG.java:1187)at org.testng.TestNG.runSuitesLocally(TestNG.java:1116)at org.testng.TestNG.runSuites(TestNG.java:1028)at org.testng.TestNG.run(TestNG.java:996)at org.testng.remote.AbstractRemoteTestNG.run(AbstractRemoteTestNG.java:114)at org.testng.remote.RemoteTestNG.initAndRun(RemoteTestNG.java:251)at org.testng.remote.RemoteTestNG.main(RemoteTestNG.java:77)]]>
            </full-stacktrace>
          </exception> <!-- org.openqa.selenium.NoSuchElementException -->
          <reporter-output>
          </reporter-output>
        </test-method> <!-- CreateAccountTest_User -->
        <test-method status="PASS" signature="tearDown()[pri:0, instance:TestCases.CreateAccountTest_User@5b94b04d]" name="tearDown" is-config="true" duration-ms="1603" started-at="2018-09-08T22:15:56Z" finished-at="2018-09-08T22:15:58Z">
          <reporter-output>
          </reporter-output>
        </test-method> <!-- tearDown -->
      </class> <!-- TestCases.CreateAccountTest_User -->
    </test> <!-- Test2 -->
  </suite> <!-- Suite -->
</testng-results>
