<?xml version="1.0" encoding="UTF-8"?>
<testng-results skipped="1" failed="0" ignored="0" total="1" passed="0">
  <reporter-output>
  </reporter-output>
  <suite name="Suite" duration-ms="201" started-at="2018-01-30T13:55:25Z" finished-at="2018-01-30T13:55:25Z">
    <groups>
    </groups>
    <test name="Test" duration-ms="201" started-at="2018-01-30T13:55:25Z" finished-at="2018-01-30T13:55:25Z">
      <class name="TestCases.LoginTest">
        <test-method status="PASS" signature="setup()[pri:0, instance:TestCases.LoginTest@36eb5f]" name="setup" is-config="true" duration-ms="19530" started-at="2018-01-30T19:25:05Z" finished-at="2018-01-30T19:25:25Z">
          <reporter-output>
          </reporter-output>
        </test-method> <!-- setup -->
        <test-method status="SKIP" signature="doLogin(java.util.Hashtable)[pri:0, instance:TestCases.LoginTest@36eb5f]" name="doLogin" duration-ms="0" started-at="2018-01-30T19:25:25Z" data-provider="dp" finished-at="2018-01-30T19:25:25Z">
          <exception class="java.lang.RuntimeException">
            <message>
              <![CDATA[java.lang.NegativeArraySizeException]]>
            </message>
            <full-stacktrace>
              <![CDATA[java.lang.RuntimeException: java.lang.NegativeArraySizeExceptionat org.testng.internal.MethodInvocationHelper.invokeMethodNoCheckedException(MethodInvocationHelper.java:49)at org.testng.internal.MethodInvocationHelper.invokeDataProvider(MethodInvocationHelper.java:131)at org.testng.internal.Parameters.handleParameters(Parameters.java:706)at org.testng.internal.ParameterHandler.handleParameters(ParameterHandler.java:49)at org.testng.internal.ParameterHandler.createParameters(ParameterHandler.java:37)at org.testng.internal.Invoker.invokeTestMethods(Invoker.java:914)at org.testng.internal.TestMethodWorker.invokeTestMethods(TestMethodWorker.java:125)at org.testng.internal.TestMethodWorker.run(TestMethodWorker.java:109)at org.testng.TestRunner.privateRun(TestRunner.java:648)at org.testng.TestRunner.run(TestRunner.java:505)at org.testng.SuiteRunner.runTest(SuiteRunner.java:455)at org.testng.SuiteRunner.runSequentially(SuiteRunner.java:450)at org.testng.SuiteRunner.privateRun(SuiteRunner.java:415)at org.testng.SuiteRunner.run(SuiteRunner.java:364)at org.testng.SuiteRunnerWorker.runSuite(SuiteRunnerWorker.java:52)at org.testng.SuiteRunnerWorker.run(SuiteRunnerWorker.java:84)at org.testng.TestNG.runSuitesSequentially(TestNG.java:1187)at org.testng.TestNG.runSuitesLocally(TestNG.java:1116)at org.testng.TestNG.runSuites(TestNG.java:1028)at org.testng.TestNG.run(TestNG.java:996)at org.testng.remote.AbstractRemoteTestNG.run(AbstractRemoteTestNG.java:114)at org.testng.remote.RemoteTestNG.initAndRun(RemoteTestNG.java:251)at org.testng.remote.RemoteTestNG.main(RemoteTestNG.java:77)Caused by: java.lang.NegativeArraySizeExceptionat Utilities.TestUtil.getData(TestUtil.java:40)at sun.reflect.NativeMethodAccessorImpl.invoke0(Native Method)at sun.reflect.NativeMethodAccessorImpl.invoke(NativeMethodAccessorImpl.java:62)at sun.reflect.DelegatingMethodAccessorImpl.invoke(DelegatingMethodAccessorImpl.java:43)at java.lang.reflect.Method.invoke(Method.java:498)at org.testng.internal.MethodInvocationHelper.invokeMethod(MethodInvocationHelper.java:124)at org.testng.internal.MethodInvocationHelper.invokeMethod(MethodInvocationHelper.java:74)at org.testng.internal.MethodInvocationHelper.invokeMethodNoCheckedException(MethodInvocationHelper.java:45)... 22 more]]>
            </full-stacktrace>
          </exception> <!-- java.lang.RuntimeException -->
          <reporter-output>
          </reporter-output>
        </test-method> <!-- doLogin -->
        <test-method status="PASS" signature="tearDown()[pri:0, instance:TestCases.LoginTest@36eb5f]" name="tearDown" is-config="true" duration-ms="1" started-at="2018-01-30T19:25:25Z" finished-at="2018-01-30T19:25:25Z">
          <reporter-output>
          </reporter-output>
        </test-method> <!-- tearDown -->
      </class> <!-- TestCases.LoginTest -->
    </test> <!-- Test -->
  </suite> <!-- Suite -->
</testng-results>
